mkdir -p sim_build
echo "alib work" > sim_build/runsim.tcl
echo "set worklib work" >> sim_build/runsim.tcl
echo -e  "alog "+define+COCOTB_SIM -dbg" /var/lib/jenkins/workspace/cocotb_regression_aldec_branch/examples/endian_swapper/tests/../hdl/endian_swapper.sv\n" >> sim_build/runsim.tcl
echo "asim  +access +w -O2 -dbg -pli libgpi endian_swapper" >> sim_build/runsim.tcl
echo "run -all" >> sim_build/runsim.tcl
echo "endsim" >> sim_build/runsim.tcl
mkdir -p /var/lib/jenkins/workspace/cocotb_regression_aldec_branch/build/obj/x86_64
mkdir -p /var/lib/jenkins/workspace/cocotb_regression_aldec_branch/build/libs/x86_64
make -C /var/lib/jenkins/workspace/cocotb_regression_aldec_branch/lib/gpi
make[1]: Entering directory `/var/lib/jenkins/workspace/cocotb_regression_aldec_branch/lib/gpi'
gcc -Werror -Wcast-qual -Wcast-align -Wwrite-strings -Waggregate-return -Wstrict-prototypes -Wno-unused-parameter -fno-common -g -DDEBUG -fpic -DFILTER -c -fpic -I/var/lib/jenkins/workspace/cocotb_regression_aldec_branch/include -I/usr/include/python2.7  -o /var/lib/jenkins/workspace/cocotb_regression_aldec_branch/build/obj/x86_64/gpi_logging.o gpi_logging.c
gcc -Werror -Wcast-qual -Wcast-align -Wwrite-strings -Waggregate-return -Wstrict-prototypes -Wno-unused-parameter -fno-common -g -DDEBUG -fpic -DFILTER -shared -Xlinker -export-dynamic -o /var/lib/jenkins/workspace/cocotb_regression_aldec_branch/build/libs/x86_64/libgpilog.so /var/lib/jenkins/workspace/cocotb_regression_aldec_branch/build/obj/x86_64/gpi_logging.o /usr/lib64/python2.7/lib-dynload/spwdmodule.so /usr/lib64/python2.7/lib-dynload/itertoolsmodule.so /usr/lib64/python2.7/lib-dynload/_codecs_jp.so /usr/lib64/python2.7/lib-dynload/_struct.so /usr/lib64/python2.7/lib-dynload/dlmodule.so /usr/lib64/python2.7/lib-dynload/_elementtree.so /usr/lib64/python2.7/lib-dynload/xxsubtype.so /usr/lib64/python2.7/lib-dynload/_bsddb.so /usr/lib64/python2.7/lib-dynload/_heapq.so /usr/lib64/python2.7/lib-dynload/zlibmodule.so /usr/lib64/python2.7/lib-dynload/pyexpat.so /usr/lib64/python2.7/lib-dynload/_codecs_tw.so /usr/lib64/python2.7/lib-dynload/_hotshot.so /usr/lib64/python2.7/lib-dynload/dbm.so /usr/lib64/python2.7/lib-dynload/grpmodule.so /usr/lib64/python2.7/lib-dynload/_hashlib.so /usr/lib64/python2.7/lib-dynload/_curses.so /usr/lib64/python2.7/lib-dynload/cmathmodule.so /usr/lib64/python2.7/lib-dynload/_codecs_hk.so /usr/lib64/python2.7/lib-dynload/cryptmodule.so /usr/lib64/python2.7/lib-dynload/_functoolsmodule.so /usr/lib64/python2.7/lib-dynload/fcntlmodule.so /usr/lib64/python2.7/lib-dynload/gdbmmodule.so /usr/lib64/python2.7/lib-dynload/_sqlite3.so /usr/lib64/python2.7/lib-dynload/_bisectmodule.so /usr/lib64/python2.7/lib-dynload/math.so /usr/lib64/python2.7/lib-dynload/_codecs_iso2022.so /usr/lib64/python2.7/lib-dynload/bz2.so /usr/lib64/python2.7/lib-dynload/audioop.so /usr/lib64/python2.7/lib-dynload/_tkinter.so /usr/lib64/python2.7/lib-dynload/resource.so /usr/lib64/python2.7/lib-dynload/future_builtins.so /usr/lib64/python2.7/lib-dynload/stropmodule.so /usr/lib64/python2.7/lib-dynload/_io.so /usr/lib64/python2.7/lib-dynload/mmapmodule.so /usr/lib64/python2.7/lib-dynload/readline.so /usr/lib64/python2.7/lib-dynload/parsermodule.so /usr/lib64/python2.7/lib-dynload/linuxaudiodev.so /usr/lib64/python2.7/lib-dynload/_codecs_kr.so /usr/lib64/python2.7/lib-dynload/_lsprof.so /usr/lib64/python2.7/lib-dynload/termios.so /usr/lib64/python2.7/lib-dynload/_csv.so /usr/lib64/python2.7/lib-dynload/ossaudiodev.so /usr/lib64/python2.7/lib-dynload/unicodedata.so /usr/lib64/python2.7/lib-dynload/_ctypes.so /usr/lib64/python2.7/lib-dynload/datetime.so /usr/lib64/python2.7/lib-dynload/operator.so /usr/lib64/python2.7/lib-dynload/syslog.so /usr/lib64/python2.7/lib-dynload/_multibytecodecmodule.so /usr/lib64/python2.7/lib-dynload/_curses_panel.so /usr/lib64/python2.7/lib-dynload/_json.so /usr/lib64/python2.7/lib-dynload/nismodule.so /usr/lib64/python2.7/lib-dynload/timemodule.so /usr/lib64/python2.7/lib-dynload/binascii.so /usr/lib64/python2.7/lib-dynload/timingmodule.so /usr/lib64/python2.7/lib-dynload/_collectionsmodule.so /usr/lib64/python2.7/lib-dynload/_ssl.so /usr/lib64/python2.7/lib-dynload/_localemodule.so /usr/lib64/python2.7/lib-dynload/_randommodule.so /usr/lib64/python2.7/lib-dynload/cPickle.so /usr/lib64/python2.7/lib-dynload/imageop.so /usr/lib64/python2.7/lib-dynload/selectmodule.so /usr/lib64/python2.7/lib-dynload/_socketmodule.so /usr/lib64/python2.7/lib-dynload/_multiprocessing.so /usr/lib64/python2.7/lib-dynload/arraymodule.so /usr/lib64/python2.7/lib-dynload/_codecs_cn.so /usr/lib64/python2.7/lib-dynload/cStringIO.so -lpthread -ldl -lutil -lm -lpython2.7 
make[1]: Leaving directory `/var/lib/jenkins/workspace/cocotb_regression_aldec_branch/lib/gpi'
make -C /var/lib/jenkins/workspace/cocotb_regression_aldec_branch/lib/embed
make[1]: Entering directory `/var/lib/jenkins/workspace/cocotb_regression_aldec_branch/lib/embed'
gcc -Werror -Wcast-qual -Wcast-align -Wwrite-strings -Waggregate-return -Wstrict-prototypes -Wno-unused-parameter -fno-common -g -DDEBUG -fpic  -c -fpic -I/var/lib/jenkins/workspace/cocotb_regression_aldec_branch/include -I/usr/include/python2.7  -o /var/lib/jenkins/workspace/cocotb_regression_aldec_branch/build/obj/x86_64/gpi_embed.o gpi_embed.c
gcc -Werror -Wcast-qual -Wcast-align -Wwrite-strings -Waggregate-return -Wstrict-prototypes -Wno-unused-parameter -fno-common -g -DDEBUG -fpic  -shared -Xlinker -export-dynamic -o /var/lib/jenkins/workspace/cocotb_regression_aldec_branch/build/libs/x86_64/libcocotb.so /var/lib/jenkins/workspace/cocotb_regression_aldec_branch/build/obj/x86_64/gpi_embed.o /usr/lib64/python2.7/lib-dynload/spwdmodule.so /usr/lib64/python2.7/lib-dynload/itertoolsmodule.so /usr/lib64/python2.7/lib-dynload/_codecs_jp.so /usr/lib64/python2.7/lib-dynload/_struct.so /usr/lib64/python2.7/lib-dynload/dlmodule.so /usr/lib64/python2.7/lib-dynload/_elementtree.so /usr/lib64/python2.7/lib-dynload/xxsubtype.so /usr/lib64/python2.7/lib-dynload/_bsddb.so /usr/lib64/python2.7/lib-dynload/_heapq.so /usr/lib64/python2.7/lib-dynload/zlibmodule.so /usr/lib64/python2.7/lib-dynload/pyexpat.so /usr/lib64/python2.7/lib-dynload/_codecs_tw.so /usr/lib64/python2.7/lib-dynload/_hotshot.so /usr/lib64/python2.7/lib-dynload/dbm.so /usr/lib64/python2.7/lib-dynload/grpmodule.so /usr/lib64/python2.7/lib-dynload/_hashlib.so /usr/lib64/python2.7/lib-dynload/_curses.so /usr/lib64/python2.7/lib-dynload/cmathmodule.so /usr/lib64/python2.7/lib-dynload/_codecs_hk.so /usr/lib64/python2.7/lib-dynload/cryptmodule.so /usr/lib64/python2.7/lib-dynload/_functoolsmodule.so /usr/lib64/python2.7/lib-dynload/fcntlmodule.so /usr/lib64/python2.7/lib-dynload/gdbmmodule.so /usr/lib64/python2.7/lib-dynload/_sqlite3.so /usr/lib64/python2.7/lib-dynload/_bisectmodule.so /usr/lib64/python2.7/lib-dynload/math.so /usr/lib64/python2.7/lib-dynload/_codecs_iso2022.so /usr/lib64/python2.7/lib-dynload/bz2.so /usr/lib64/python2.7/lib-dynload/audioop.so /usr/lib64/python2.7/lib-dynload/_tkinter.so /usr/lib64/python2.7/lib-dynload/resource.so /usr/lib64/python2.7/lib-dynload/future_builtins.so /usr/lib64/python2.7/lib-dynload/stropmodule.so /usr/lib64/python2.7/lib-dynload/_io.so /usr/lib64/python2.7/lib-dynload/mmapmodule.so /usr/lib64/python2.7/lib-dynload/readline.so /usr/lib64/python2.7/lib-dynload/parsermodule.so /usr/lib64/python2.7/lib-dynload/linuxaudiodev.so /usr/lib64/python2.7/lib-dynload/_codecs_kr.so /usr/lib64/python2.7/lib-dynload/_lsprof.so /usr/lib64/python2.7/lib-dynload/termios.so /usr/lib64/python2.7/lib-dynload/_csv.so /usr/lib64/python2.7/lib-dynload/ossaudiodev.so /usr/lib64/python2.7/lib-dynload/unicodedata.so /usr/lib64/python2.7/lib-dynload/_ctypes.so /usr/lib64/python2.7/lib-dynload/datetime.so /usr/lib64/python2.7/lib-dynload/operator.so /usr/lib64/python2.7/lib-dynload/syslog.so /usr/lib64/python2.7/lib-dynload/_multibytecodecmodule.so /usr/lib64/python2.7/lib-dynload/_curses_panel.so /usr/lib64/python2.7/lib-dynload/_json.so /usr/lib64/python2.7/lib-dynload/nismodule.so /usr/lib64/python2.7/lib-dynload/timemodule.so /usr/lib64/python2.7/lib-dynload/binascii.so /usr/lib64/python2.7/lib-dynload/timingmodule.so /usr/lib64/python2.7/lib-dynload/_collectionsmodule.so /usr/lib64/python2.7/lib-dynload/_ssl.so /usr/lib64/python2.7/lib-dynload/_localemodule.so /usr/lib64/python2.7/lib-dynload/_randommodule.so /usr/lib64/python2.7/lib-dynload/cPickle.so /usr/lib64/python2.7/lib-dynload/imageop.so /usr/lib64/python2.7/lib-dynload/selectmodule.so /usr/lib64/python2.7/lib-dynload/_socketmodule.so /usr/lib64/python2.7/lib-dynload/_multiprocessing.so /usr/lib64/python2.7/lib-dynload/arraymodule.so /usr/lib64/python2.7/lib-dynload/_codecs_cn.so /usr/lib64/python2.7/lib-dynload/cStringIO.so -lpthread -ldl -lutil -lm -lpython2.7 -L/var/lib/jenkins/workspace/cocotb_regression_aldec_branch/build/libs/x86_64
make[1]: Leaving directory `/var/lib/jenkins/workspace/cocotb_regression_aldec_branch/lib/embed'
make -C /var/lib/jenkins/workspace/cocotb_regression_aldec_branch/lib/vpi_shim
make[1]: Entering directory `/var/lib/jenkins/workspace/cocotb_regression_aldec_branch/lib/vpi_shim'
gcc -Werror -Wcast-qual -Wcast-align -Wwrite-strings -Waggregate-return -Wstrict-prototypes -Wno-unused-parameter -fno-common -g -DDEBUG -fpic -DVPI_CHECKING -c -fpic -I/var/lib/jenkins/workspace/cocotb_regression_aldec_branch/include -I/usr/include/python2.7  -o /var/lib/jenkins/workspace/cocotb_regression_aldec_branch/build/obj/x86_64/gpi_vpi.o gpi_vpi.c
gcc -Werror -Wcast-qual -Wcast-align -Wwrite-strings -Waggregate-return -Wstrict-prototypes -Wno-unused-parameter -fno-common -g -DDEBUG -fpic -DVPI_CHECKING -shared -Xlinker -export-dynamic -o /var/lib/jenkins/workspace/cocotb_regression_aldec_branch/build/libs/x86_64/libgpi.so /var/lib/jenkins/workspace/cocotb_regression_aldec_branch/build/obj/x86_64/gpi_vpi.o -lgpilog -lcocotb -L/var/lib/jenkins/workspace/cocotb_regression_aldec_branch/build/libs/x86_64
ln -sf libgpi.so /var/lib/jenkins/workspace/cocotb_regression_aldec_branch/build/libs/x86_64/gpivpi.vpl
ln -sf libgpi.so /var/lib/jenkins/workspace/cocotb_regression_aldec_branch/build/libs/x86_64/cocotb.vpi
make[1]: Leaving directory `/var/lib/jenkins/workspace/cocotb_regression_aldec_branch/lib/vpi_shim'
make -C /var/lib/jenkins/workspace/cocotb_regression_aldec_branch/lib/simulator
make[1]: Entering directory `/var/lib/jenkins/workspace/cocotb_regression_aldec_branch/lib/simulator'
gcc -Werror -Wcast-qual -Wcast-align -Wwrite-strings -Waggregate-return -Wstrict-prototypes -Wno-unused-parameter -fno-common -g -DDEBUG -fpic  -c -fpic -I/var/lib/jenkins/workspace/cocotb_regression_aldec_branch/include -I/usr/include/python2.7  -o /var/lib/jenkins/workspace/cocotb_regression_aldec_branch/build/obj/x86_64/simulatormodule.o simulatormodule.c
gcc -Werror -Wcast-qual -Wcast-align -Wwrite-strings -Waggregate-return -Wstrict-prototypes -Wno-unused-parameter -fno-common -g -DDEBUG -fpic  -shared -Xlinker -export-dynamic -o /var/lib/jenkins/workspace/cocotb_regression_aldec_branch/build/libs/x86_64/libsim.so /var/lib/jenkins/workspace/cocotb_regression_aldec_branch/build/obj/x86_64/simulatormodule.o -lgpi /usr/lib64/python2.7/lib-dynload/spwdmodule.so /usr/lib64/python2.7/lib-dynload/itertoolsmodule.so /usr/lib64/python2.7/lib-dynload/_codecs_jp.so /usr/lib64/python2.7/lib-dynload/_struct.so /usr/lib64/python2.7/lib-dynload/dlmodule.so /usr/lib64/python2.7/lib-dynload/_elementtree.so /usr/lib64/python2.7/lib-dynload/xxsubtype.so /usr/lib64/python2.7/lib-dynload/_bsddb.so /usr/lib64/python2.7/lib-dynload/_heapq.so /usr/lib64/python2.7/lib-dynload/zlibmodule.so /usr/lib64/python2.7/lib-dynload/pyexpat.so /usr/lib64/python2.7/lib-dynload/_codecs_tw.so /usr/lib64/python2.7/lib-dynload/_hotshot.so /usr/lib64/python2.7/lib-dynload/dbm.so /usr/lib64/python2.7/lib-dynload/grpmodule.so /usr/lib64/python2.7/lib-dynload/_hashlib.so /usr/lib64/python2.7/lib-dynload/_curses.so /usr/lib64/python2.7/lib-dynload/cmathmodule.so /usr/lib64/python2.7/lib-dynload/_codecs_hk.so /usr/lib64/python2.7/lib-dynload/cryptmodule.so /usr/lib64/python2.7/lib-dynload/_functoolsmodule.so /usr/lib64/python2.7/lib-dynload/fcntlmodule.so /usr/lib64/python2.7/lib-dynload/gdbmmodule.so /usr/lib64/python2.7/lib-dynload/_sqlite3.so /usr/lib64/python2.7/lib-dynload/_bisectmodule.so /usr/lib64/python2.7/lib-dynload/math.so /usr/lib64/python2.7/lib-dynload/_codecs_iso2022.so /usr/lib64/python2.7/lib-dynload/bz2.so /usr/lib64/python2.7/lib-dynload/audioop.so /usr/lib64/python2.7/lib-dynload/_tkinter.so /usr/lib64/python2.7/lib-dynload/resource.so /usr/lib64/python2.7/lib-dynload/future_builtins.so /usr/lib64/python2.7/lib-dynload/stropmodule.so /usr/lib64/python2.7/lib-dynload/_io.so /usr/lib64/python2.7/lib-dynload/mmapmodule.so /usr/lib64/python2.7/lib-dynload/readline.so /usr/lib64/python2.7/lib-dynload/parsermodule.so /usr/lib64/python2.7/lib-dynload/linuxaudiodev.so /usr/lib64/python2.7/lib-dynload/_codecs_kr.so /usr/lib64/python2.7/lib-dynload/_lsprof.so /usr/lib64/python2.7/lib-dynload/termios.so /usr/lib64/python2.7/lib-dynload/_csv.so /usr/lib64/python2.7/lib-dynload/ossaudiodev.so /usr/lib64/python2.7/lib-dynload/unicodedata.so /usr/lib64/python2.7/lib-dynload/_ctypes.so /usr/lib64/python2.7/lib-dynload/datetime.so /usr/lib64/python2.7/lib-dynload/operator.so /usr/lib64/python2.7/lib-dynload/syslog.so /usr/lib64/python2.7/lib-dynload/_multibytecodecmodule.so /usr/lib64/python2.7/lib-dynload/_curses_panel.so /usr/lib64/python2.7/lib-dynload/_json.so /usr/lib64/python2.7/lib-dynload/nismodule.so /usr/lib64/python2.7/lib-dynload/timemodule.so /usr/lib64/python2.7/lib-dynload/binascii.so /usr/lib64/python2.7/lib-dynload/timingmodule.so /usr/lib64/python2.7/lib-dynload/_collectionsmodule.so /usr/lib64/python2.7/lib-dynload/_ssl.so /usr/lib64/python2.7/lib-dynload/_localemodule.so /usr/lib64/python2.7/lib-dynload/_randommodule.so /usr/lib64/python2.7/lib-dynload/cPickle.so /usr/lib64/python2.7/lib-dynload/imageop.so /usr/lib64/python2.7/lib-dynload/selectmodule.so /usr/lib64/python2.7/lib-dynload/_socketmodule.so /usr/lib64/python2.7/lib-dynload/_multiprocessing.so /usr/lib64/python2.7/lib-dynload/arraymodule.so /usr/lib64/python2.7/lib-dynload/_codecs_cn.so /usr/lib64/python2.7/lib-dynload/cStringIO.so -lpthread -ldl -lutil -lm -lpython2.7 -L/var/lib/jenkins/workspace/cocotb_regression_aldec_branch/build/libs/x86_64
ln -sf libsim.so /var/lib/jenkins/workspace/cocotb_regression_aldec_branch/build/libs/x86_64/simulator.so
make[1]: Leaving directory `/var/lib/jenkins/workspace/cocotb_regression_aldec_branch/lib/simulator'
cd sim_build && PYTHONPATH=/var/lib/jenkins/workspace/cocotb_regression_aldec_branch/build/libs/x86_64:/var/lib/jenkins/workspace/cocotb_regression_aldec_branch:/var/lib/jenkins/workspace/cocotb_regression_aldec_branch/examples/endian_swapper/tests: \
LD_LIBRARY_PATH=/var/lib/jenkins/workspace/cocotb_regression_aldec_branch/build/libs/x86_64:/Linux64 MODULE=test_endian_swapper TESTCASE= TOPLEVEL=endian_swapper vsimsa -do runsim.tcl | tee sim.log
# Aldec, Inc. Riviera-PRO version 2013.10.81.5180 built for Linux64 on November 04, 2013.
# HDL, SystemC, and Assertions simulator, debugger, and design environment.
# (c) 1999-2013 Aldec, Inc. All rights reserved.
alib work
# ALIB: Library `work' attached.
# work = /var/lib/jenkins/workspace/cocotb_regression_aldec_branch/examples/endian_swapper/tests/sim_build/work/work.lib
set worklib work
# LIBRARY MANAGER: 'work' is now working library.
# work
alog +define+COCOTB_SIM -dbg /var/lib/jenkins/workspace/cocotb_regression_aldec_branch/examples/endian_swapper/tests/../hdl/endian_swapper.sv
# ALOG: Pass 1. Scanning modules hierarchy.
# ALOG: Pass 2. Processing instantiations.
# ALOG: Pass 3. Processing behavioral statements.
# ALOG: ELB/DAG code generating.
# ALOG: Unit top modules: endian_swapper.
# ALOG: $root top modules: endian_swapper.
# ALOG: Compile success 0 Errors 0 Warnings  Analysis time: 0[s].
# ALOG: done
asim  +access +w -O2 -dbg -pli libgpi endian_swapper
# ELBREAD: Elaboration process.
# ELBREAD: Elaboration time 0.0 [s].
# KERNEL: Main thread initiated.
# KERNEL: Kernel process initialization phase.
# KERNEL: Time resolution set to 1ps.
# ELAB2: Elaboration final pass...
# KERNEL: PLI/VHPI kernel's engine initialization done.
# PLI: Loading library 'libgpi.so'
# PLI: Loading library '/local/tools/Riviera-pro/bin/libsystf.so'
# ELAB2: Create instances ...
# ELAB2: Create instances complete.
# ELAB2: Elaboration final pass complete - time: 0.0 [s].
# KERNEL: Kernel process initialization done.
# Allocation: Simulator allocated 7154 kB (elbread=1023 elab2=5977 kernel=153 sdf=0)
# KERNEL: ASDB file was created in location /var/lib/jenkins/workspace/cocotb_regression_aldec_branch/examples/endian_swapper/tests/sim_build/dataset.asdb
run -all
     0.00ns [34mINFO    [39m cocotb.gpi                                  gpi_embed.c:186  in embed_sim_init                  [34mPython interpreter initialised and cocotb loaded![39m
     0.00ns [34mINFO    [39m cocotb.gpi                                  __init__.py:99   in _initialise_testbench           [34mSeeding Python random module with 1387270056[39m
     0.00ns [34mINFO    [39m cocotb.gpi                                  __init__.py:113  in _initialise_testbench           [34mRunning tests with CoCoTB-0.3 from /var/lib/jenkins/workspace/cocotb_regression_aldec_branch[39m
{'access': True, 'w': True}
     0.00ns [34mINFO    [39m cocotb.regression                         regression.py:118  in initialise                      [34mFound test test_endian_swapper.run_test_001[39m
     0.00ns [34mINFO    [39m cocotb.regression                         regression.py:118  in initialise                      [34mFound test test_endian_swapper.run_test_002[39m
     0.00ns [34mINFO    [39m cocotb.regression                         regression.py:118  in initialise                      [34mFound test test_endian_swapper.run_test_003[39m
     0.00ns [34mINFO    [39m cocotb.regression                         regression.py:118  in initialise                      [34mFound test test_endian_swapper.run_test_004[39m
     0.00ns [34mINFO    [39m cocotb.regression                         regression.py:118  in initialise                      [34mFound test test_endian_swapper.run_test_005[39m
     0.00ns [34mINFO    [39m cocotb.regression                         regression.py:118  in initialise                      [34mFound test test_endian_swapper.run_test_006[39m
     0.00ns [34mINFO    [39m cocotb.regression                         regression.py:118  in initialise                      [34mFound test test_endian_swapper.run_test_007[39m
     0.00ns [34mINFO    [39m cocotb.regression                         regression.py:118  in initialise                      [34mFound test test_endian_swapper.run_test_008[39m
     0.00ns [34mINFO    [39m cocotb.regression                         regression.py:118  in initialise                      [34mFound test test_endian_swapper.run_test_009[39m
     0.00ns [34mINFO    [39m cocotb.regression                         regression.py:118  in initialise                      [34mFound test test_endian_swapper.run_test_010[39m
     0.00ns [34mINFO    [39m cocotb.regression                         regression.py:118  in initialise                      [34mFound test test_endian_swapper.run_test_011[39m
     0.00ns [34mINFO    [39m cocotb.regression                         regression.py:118  in initialise                      [34mFound test test_endian_swapper.run_test_012[39m
     0.00ns [34mINFO    [39m cocotb.regression                         regression.py:118  in initialise                      [34mFound test test_endian_swapper.run_test_013[39m
     0.00ns [34mINFO    [39m cocotb.regression                         regression.py:118  in initialise                      [34mFound test test_endian_swapper.run_test_014[39m
     0.00ns [34mINFO    [39m cocotb.regression                         regression.py:118  in initialise                      [34mFound test test_endian_swapper.run_test_015[39m
     0.00ns [34mINFO    [39m cocotb.regression                         regression.py:118  in initialise                      [34mFound test test_endian_swapper.run_test_016[39m
     0.00ns [34mINFO    [39m cocotb.regression                         regression.py:118  in initialise                      [34mFound test test_endian_swapper.run_test_017[39m
     0.00ns [34mINFO    [39m cocotb.regression                         regression.py:118  in initialise                      [34mFound test test_endian_swapper.run_test_018[39m
     0.00ns [34mINFO    [39m cocotb.regression                         regression.py:118  in initialise                      [34mFound test test_endian_swapper.run_test_019[39m
     0.00ns [34mINFO    [39m cocotb.regression                         regression.py:118  in initialise                      [34mFound test test_endian_swapper.run_test_020[39m
     0.00ns [34mINFO    [39m cocotb.regression                         regression.py:118  in initialise                      [34mFound test test_endian_swapper.run_test_021[39m
     0.00ns [34mINFO    [39m cocotb.regression                         regression.py:118  in initialise                      [34mFound test test_endian_swapper.run_test_022[39m
     0.00ns [34mINFO    [39m cocotb.regression                         regression.py:118  in initialise                      [34mFound test test_endian_swapper.run_test_023[39m
     0.00ns [34mINFO    [39m cocotb.regression                         regression.py:118  in initialise                      [34mFound test test_endian_swapper.run_test_024[39m
     0.00ns [34mINFO    [39m cocotb.regression                         regression.py:118  in initialise                      [34mFound test test_endian_swapper.run_test_025[39m
     0.00ns [34mINFO    [39m cocotb.regression                         regression.py:118  in initialise                      [34mFound test test_endian_swapper.run_test_026[39m
     0.00ns [34mINFO    [39m cocotb.regression                         regression.py:118  in initialise                      [34mFound test test_endian_swapper.run_test_027[39m
     0.00ns [34mINFO    [39m cocotb.regression                         regression.py:118  in initialise                      [34mFound test test_endian_swapper.run_test_028[39m
     0.00ns [34mINFO    [39m cocotb.regression                         regression.py:118  in initialise                      [34mFound test test_endian_swapper.run_test_029[39m
     0.00ns [34mINFO    [39m cocotb.regression                         regression.py:118  in initialise                      [34mFound test test_endian_swapper.run_test_030[39m
     0.00ns [34mINFO    [39m cocotb.regression                         regression.py:118  in initialise                      [34mFound test test_endian_swapper.run_test_031[39m
     0.00ns [34mINFO    [39m cocotb.regression                         regression.py:118  in initialise                      [34mFound test test_endian_swapper.run_test_032[39m
     0.00ns [34mINFO    [39m cocotb.regression                         regression.py:189  in execute                         [34m[44m[30mRunning test 1/32:[39m[49m run_test_001[39m
     0.00ns [34mINFO    [39m ..coroutine._my_test.0x7f59ac9fde90       decorators.py:181  in send                            [34mStarting test: "run_test_001"
                                                                                                                               Description: Automatically generated test
                                                                                                                               
                                                                                                                               	backpressure_inserter: None
                                                                                                                               	config_coroutine: None
                                                                                                                               	data_in: random_packet_sizes (random string data of a random length)
                                                                                                                               	idle_inserter: None
                                                                                                                               [39m
     0.00ns [34mINFO    [39m cocotb.gpi                                  gpi_embed.c:215  in embed_sim_init                  [34m_initialise_testbench successful[39m
